#
# There is insufficient memory for the Java Runtime Environment to continue.
# Native memory allocation (mmap) failed to map 62914560 bytes for committing reserved memory.
# Possible reasons:
#   The system is out of physical RAM or swap space
#   In 32 bit mode, the process size limit was hit
# Possible solutions:
#   Reduce memory load on the system
#   Increase physical memory or swap space
#   Check if swap backing store is full
#   Use 64 bit Java on a 64 bit OS
#   Decrease Java heap size (-Xmx/-Xms)
#   Decrease number of Java threads
#   Decrease Java thread stack sizes (-Xss)
#   Set larger code cache with -XX:ReservedCodeCacheSize=
# This output file may be truncated or incomplete.
#
#  Out of Memory Error (os_linux.cpp:2627), pid=12219, tid=140113299334912
#
# JRE version: Java(TM) SE Runtime Environment (8.0_73-b02) (build 1.8.0_73-b02)
# Java VM: Java HotSpot(TM) 64-Bit Server VM (25.73-b02 mixed mode linux-amd64 compressed oops)
# Failed to write core dump. Core dumps have been disabled. To enable core dumping, try "ulimit -c unlimited" before starting Java again
#

---------------  T H R E A D  ---------------

Current thread (0x00007f6ec8078000):  VMThread [stack: 0x00007f6eab5f6000,0x00007f6eab6f7000] [id=12228]

Stack: [0x00007f6eab5f6000,0x00007f6eab6f7000],  sp=0x00007f6eab6f4f80,  free space=1019k
Native frames: (J=compiled Java code, j=interpreted, Vv=VM code, C=native code)
V  [libjvm.so+0xaba71a]
V  [libjvm.so+0x4f9ecb]
V  [libjvm.so+0x91b553]
V  [libjvm.so+0x91baa9]
V  [libjvm.so+0x915dba]
V  [libjvm.so+0x989463]
V  [libjvm.so+0x98a868]
V  [libjvm.so+0x9899c2]
V  [libjvm.so+0x986c9b]
V  [libjvm.so+0x981f45]
V  [libjvm.so+0x4810b4]
V  [libjvm.so+0xabbb91]
V  [libjvm.so+0xac3b65]
V  [libjvm.so+0xac1f3a]
V  [libjvm.so+0xac22be]
V  [libjvm.so+0xac2730]
V  [libjvm.so+0x91d918]

VM_Operation (0x00007f6ea8cc8ec0): CollectForMetadataAllocation, mode: safepoint, requested by thread 0x00007f6e7c00b000


---------------  P R O C E S S  ---------------

Java Threads: ( => current thread )
  0x00007f6e68024000 JavaThread "Stdin handler" [_thread_blocked, id=12246, stack(0x00007f6ea88cb000,0x00007f6ea89cc000)]
  0x00007f6e7c00b000 JavaThread "Daemon worker" [_thread_blocked, id=12243, stack(0x00007f6ea8bd3000,0x00007f6ea8cd4000)]
  0x00007f6e7c00a000 JavaThread "Cancel handler" [_thread_blocked, id=12242, stack(0x00007f6ea8cd4000,0x00007f6ea8dd5000)]
  0x00007f6e7c003800 JavaThread "Handler for socket connection from /127.0.0.1:45386 to /127.0.0.1:58228" [_thread_in_native, id=12241, stack(0x00007f6ea8dd5000,0x00007f6ea8ed6000)]
  0x00007f6e7804a800 JavaThread "Daemon" [_thread_blocked, id=12240, stack(0x00007f6ea8ed6000,0x00007f6ea8fd7000)]
  0x00007f6ec8af9000 JavaThread "Incoming local TCP Connector on port 45386" [_thread_in_native, id=12239, stack(0x00007f6ea8fd7000,0x00007f6ea90d8000)]
  0x00007f6ec80c2000 JavaThread "Service Thread" daemon [_thread_blocked, id=12235, stack(0x00007f6eaa3ef000,0x00007f6eaa4f0000)]
  0x00007f6ec80be800 JavaThread "C1 CompilerThread2" daemon [_thread_blocked, id=12234, stack(0x00007f6eaa4f0000,0x00007f6eaa5f1000)]
  0x00007f6ec80bd000 JavaThread "C2 CompilerThread1" daemon [_thread_blocked, id=12233, stack(0x00007f6eaa5f1000,0x00007f6eaa6f2000)]
  0x00007f6ec80ba000 JavaThread "C2 CompilerThread0" daemon [_thread_in_native, id=12232, stack(0x00007f6eaa6f2000,0x00007f6eaa7f3000)]
  0x00007f6ec80b8800 JavaThread "Signal Dispatcher" daemon [_thread_blocked, id=12231, stack(0x00007f6eaa7f3000,0x00007f6eaa8f4000)]
  0x00007f6ec807f800 JavaThread "Finalizer" daemon [_thread_blocked, id=12230, stack(0x00007f6eab3f4000,0x00007f6eab4f5000)]
  0x00007f6ec807d000 JavaThread "Reference Handler" daemon [_thread_blocked, id=12229, stack(0x00007f6eab4f5000,0x00007f6eab5f6000)]
  0x00007f6ec800a000 JavaThread "main" [_thread_blocked, id=12223, stack(0x00007f6ed1d53000,0x00007f6ed1e54000)]

Other Threads:
=>0x00007f6ec8078000 VMThread [stack: 0x00007f6eab5f6000,0x00007f6eab6f7000] [id=12228]
  0x00007f6ec80c5000 WatcherThread [stack: 0x00007f6eaa2ee000,0x00007f6eaa3ef000] [id=12236]

VM state:at safepoint (normal execution)

VM Mutex/Monitor currently owned by a thread:  ([mutex/lock_event])
[0x00007f6ec8006290] Threads_lock - owner thread: 0x00007f6ec8078000
[0x00007f6ec8006790] Heap_lock - owner thread: 0x00007f6e7c00b000

Heap:
 PSYoungGen      total 71680K, used 4448K [0x00000000eab00000, 0x00000000efa00000, 0x0000000100000000)
  eden space 62976K, 0% used [0x00000000eab00000,0x00000000eab00000,0x00000000ee880000)
  from space 8704K, 51% used [0x00000000ee880000,0x00000000eecd8278,0x00000000ef100000)
  to   space 8192K, 0% used [0x00000000ef100000,0x00000000ef100000,0x00000000ef900000)
 ParOldGen       total 42496K, used 10902K [0x00000000c0000000, 0x00000000c2980000, 0x00000000eab00000)
  object space 42496K, 25% used [0x00000000c0000000,0x00000000c0aa5b80,0x00000000c2980000)
 Metaspace       used 20923K, capacity 21220K, committed 21248K, reserved 1067008K
  class space    used 2736K, capacity 2807K, committed 2816K, reserved 1048576K

Card table byte_map: [0x00007f6ece909000,0x00007f6eceb0a000] byte_map_base: 0x00007f6ece309000

Marking Bits: (ParMarkBitMap*) 0x00007f6ed1221100
 Begin Bits: [0x00007f6ecc3af000, 0x00007f6ecd3af000)
 End Bits:   [0x00007f6ecd3af000, 0x00007f6ece3af000)

Polling page: 0x00007f6ed1e6e000

CodeCache: size=245760Kb used=5922Kb max_used=5922Kb free=239837Kb
 bounds [0x00007f6eb9000000, 0x00007f6eb95d0000, 0x00007f6ec8000000]
 total_blobs=2148 nmethods=1544 adapters=515
 compilation: enabled

Compilation events (10 events):
Event: 2,704 Thread 0x00007f6ec80be800 1557       1       org.gradle.api.internal.AbstractClassGenerator$PropertyMetaData::getName (5 bytes)
Event: 2,705 Thread 0x00007f6ec80be800 nmethod 1557 0x00007f6eb95be110 code [0x00007f6eb95be260, 0x00007f6eb95be370]
Event: 2,707 Thread 0x00007f6ec80be800 1560       2       org.gradle.internal.service.DefaultServiceRegistry$SingletonService::get (5 bytes)
Event: 2,707 Thread 0x00007f6ec80be800 nmethod 1560 0x00007f6eb95be3d0 code [0x00007f6eb95be540, 0x00007f6eb95be6a8]
Event: 2,707 Thread 0x00007f6ec80be800 1559       2       org.gradle.internal.service.DefaultServiceRegistry$FactoryService::<init> (11 bytes)
Event: 2,708 Thread 0x00007f6ec80be800 nmethod 1559 0x00007f6eb95be750 code [0x00007f6eb95be8e0, 0x00007f6eb95beca8]
Event: 2,814 Thread 0x00007f6ec80be800 1561  s    2       java.lang.StringBuffer::append (15 bytes)
Event: 2,814 Thread 0x00007f6ec80be800 nmethod 1561 0x00007f6eb95bf3d0 code [0x00007f6eb95bf540, 0x00007f6eb95bf848]
Event: 2,818 Thread 0x00007f6ec80be800 1562       2       org.objectweb.asm.Type::a (87 bytes)
Event: 2,819 Thread 0x00007f6ec80be800 nmethod 1562 0x00007f6eb95bf910 code [0x00007f6eb95bfae0, 0x00007f6eb95c0728]

GC Heap History (10 events):
Event: 0,867 GC heap after
Heap after GC invocations=2 (full 0):
 PSYoungGen      total 18432K, used 2556K [0x00000000eab00000, 0x00000000ecf00000, 0x0000000100000000)
  eden space 15872K, 0% used [0x00000000eab00000,0x00000000eab00000,0x00000000eba80000)
  from space 2560K, 99% used [0x00000000ebd00000,0x00000000ebf7f2b0,0x00000000ebf80000)
  to   space 2560K, 0% used [0x00000000eba80000,0x00000000eba80000,0x00000000ebd00000)
 ParOldGen       total 42496K, used 483K [0x00000000c0000000, 0x00000000c2980000, 0x00000000eab00000)
  object space 42496K, 1% used [0x00000000c0000000,0x00000000c0078df8,0x00000000c2980000)
 Metaspace       used 6790K, capacity 7008K, committed 7168K, reserved 1056768K
  class space    used 886K, capacity 928K, committed 1024K, reserved 1048576K
}
Event: 1,219 GC heap before
{Heap before GC invocations=3 (full 0):
 PSYoungGen      total 18432K, used 18428K [0x00000000eab00000, 0x00000000ecf00000, 0x0000000100000000)
  eden space 15872K, 100% used [0x00000000eab00000,0x00000000eba80000,0x00000000eba80000)
  from space 2560K, 99% used [0x00000000ebd00000,0x00000000ebf7f2b0,0x00000000ebf80000)
  to   space 2560K, 0% used [0x00000000eba80000,0x00000000eba80000,0x00000000ebd00000)
 ParOldGen       total 42496K, used 483K [0x00000000c0000000, 0x00000000c2980000, 0x00000000eab00000)
  object space 42496K, 1% used [0x00000000c0000000,0x00000000c0078df8,0x00000000c2980000)
 Metaspace       used 9789K, capacity 10142K, committed 10240K, reserved 1058816K
  class space    used 1348K, capacity 1445K, committed 1536K, reserved 1048576K
Event: 1,229 GC heap after
Heap after GC invocations=3 (full 0):
 PSYoungGen      total 18432K, used 2528K [0x00000000eab00000, 0x00000000ecf00000, 0x0000000100000000)
  eden space 15872K, 0% used [0x00000000eab00000,0x00000000eab00000,0x00000000eba80000)
  from space 2560K, 98% used [0x00000000eba80000,0x00000000ebcf8020,0x00000000ebd00000)
  to   space 2560K, 0% used [0x00000000ecc80000,0x00000000ecc80000,0x00000000ecf00000)
 ParOldGen       total 42496K, used 2147K [0x00000000c0000000, 0x00000000c2980000, 0x00000000eab00000)
  object space 42496K, 5% used [0x00000000c0000000,0x00000000c0218de8,0x00000000c2980000)
 Metaspace       used 9789K, capacity 10142K, committed 10240K, reserved 1058816K
  class space    used 1348K, capacity 1445K, committed 1536K, reserved 1048576K
}
Event: 1,572 GC heap before
{Heap before GC invocations=4 (full 0):
 PSYoungGen      total 18432K, used 18400K [0x00000000eab00000, 0x00000000ecf00000, 0x0000000100000000)
  eden space 15872K, 100% used [0x00000000eab00000,0x00000000eba80000,0x00000000eba80000)
  from space 2560K, 98% used [0x00000000eba80000,0x00000000ebcf8020,0x00000000ebd00000)
  to   space 2560K, 0% used [0x00000000ecc80000,0x00000000ecc80000,0x00000000ecf00000)
 ParOldGen       total 42496K, used 2147K [0x00000000c0000000, 0x00000000c2980000, 0x00000000eab00000)
  object space 42496K, 5% used [0x00000000c0000000,0x00000000c0218de8,0x00000000c2980000)
 Metaspace       used 13706K, capacity 13918K, committed 13952K, reserved 1060864K
  class space    used 1839K, capacity 1893K, committed 1920K, reserved 1048576K
Event: 1,582 GC heap after
Heap after GC invocations=4 (full 0):
 PSYoungGen      total 34304K, used 2528K [0x00000000eab00000, 0x00000000ecf00000, 0x0000000100000000)
  eden space 31744K, 0% used [0x00000000eab00000,0x00000000eab00000,0x00000000eca00000)
  from space 2560K, 98% used [0x00000000ecc80000,0x00000000ecef8040,0x00000000ecf00000)
  to   space 2560K, 0% used [0x00000000eca00000,0x00000000eca00000,0x00000000ecc80000)
 ParOldGen       total 42496K, used 5397K [0x00000000c0000000, 0x00000000c2980000, 0x00000000eab00000)
  object space 42496K, 12% used [0x00000000c0000000,0x00000000c05454d8,0x00000000c2980000)
 Metaspace       used 13706K, capacity 13918K, committed 13952K, reserved 1060864K
  class space    used 1839K, capacity 1893K, committed 1920K, reserved 1048576K
}
Event: 2,178 GC heap before
{Heap before GC invocations=5 (full 0):
 PSYoungGen      total 34304K, used 34272K [0x00000000eab00000, 0x00000000ecf00000, 0x0000000100000000)
  eden space 31744K, 100% used [0x00000000eab00000,0x00000000eca00000,0x00000000eca00000)
  from space 2560K, 98% used [0x00000000ecc80000,0x00000000ecef8040,0x00000000ecf00000)
  to   space 2560K, 0% used [0x00000000eca00000,0x00000000eca00000,0x00000000ecc80000)
 ParOldGen       total 42496K, used 5397K [0x00000000c0000000, 0x00000000c2980000, 0x00000000eab00000)
  object space 42496K, 12% used [0x00000000c0000000,0x00000000c05454d8,0x00000000c2980000)
 Metaspace       used 18229K, capacity 18436K, committed 18560K, reserved 1064960K
  class space    used 2498K, capacity 2566K, committed 2688K, reserved 1048576K
Event: 2,191 GC heap after
Heap after GC invocations=5 (full 0):
 PSYoungGen      total 34304K, used 2544K [0x00000000eab00000, 0x00000000ef900000, 0x0000000100000000)
  eden space 31744K, 0% used [0x00000000eab00000,0x00000000eab00000,0x00000000eca00000)
  from space 2560K, 99% used [0x00000000eca00000,0x00000000ecc7c0b0,0x00000000ecc80000)
  to   space 8192K, 0% used [0x00000000ef100000,0x00000000ef100000,0x00000000ef900000)
 ParOldGen       total 42496K, used 10438K [0x00000000c0000000, 0x00000000c2980000, 0x00000000eab00000)
  object space 42496K, 24% used [0x00000000c0000000,0x00000000c0a31b00,0x00000000c2980000)
 Metaspace       used 18229K, capacity 18436K, committed 18560K, reserved 1064960K
  class space    used 2498K, capacity 2566K, committed 2688K, reserved 1048576K
}
Event: 2,722 GC heap before
{Heap before GC invocations=6 (full 0):
 PSYoungGen      total 34304K, used 34288K [0x00000000eab00000, 0x00000000ef900000, 0x0000000100000000)
  eden space 31744K, 100% used [0x00000000eab00000,0x00000000eca00000,0x00000000eca00000)
  from space 2560K, 99% used [0x00000000eca00000,0x00000000ecc7c0b0,0x00000000ecc80000)
  to   space 8192K, 0% used [0x00000000ef100000,0x00000000ef100000,0x00000000ef900000)
 ParOldGen       total 42496K, used 10438K [0x00000000c0000000, 0x00000000c2980000, 0x00000000eab00000)
  object space 42496K, 24% used [0x00000000c0000000,0x00000000c0a31b00,0x00000000c2980000)
 Metaspace       used 20829K, capacity 21156K, committed 21248K, reserved 1067008K
  class space    used 2724K, capacity 2807K, committed 2816K, reserved 1048576K
Event: 2,760 GC heap after
Heap after GC invocations=6 (full 0):
 PSYoungGen      total 71168K, used 6105K [0x00000000eab00000, 0x00000000efa00000, 0x0000000100000000)
  eden space 62976K, 0% used [0x00000000eab00000,0x00000000eab00000,0x00000000ee880000)
  from space 8192K, 74% used [0x00000000ef100000,0x00000000ef6f6620,0x00000000ef900000)
  to   space 8704K, 0% used [0x00000000ee880000,0x00000000ee880000,0x00000000ef100000)
 ParOldGen       total 42496K, used 10438K [0x00000000c0000000, 0x00000000c2980000, 0x00000000eab00000)
  object space 42496K, 24% used [0x00000000c0000000,0x00000000c0a31b00,0x00000000c2980000)
 Metaspace       used 20829K, capacity 21156K, committed 21248K, reserved 1067008K
  class space    used 2724K, capacity 2807K, committed 2816K, reserved 1048576K
}
Event: 2,822 GC heap before
{Heap before GC invocations=7 (full 0):
 PSYoungGen      total 71168K, used 8241K [0x00000000eab00000, 0x00000000efa00000, 0x0000000100000000)
  eden space 62976K, 3% used [0x00000000eab00000,0x00000000ead16028,0x00000000ee880000)
  from space 8192K, 74% used [0x00000000ef100000,0x00000000ef6f6620,0x00000000ef900000)
  to   space 8704K, 0% used [0x00000000ee880000,0x00000000ee880000,0x00000000ef100000)
 ParOldGen       total 42496K, used 10438K [0x00000000c0000000, 0x00000000c2980000, 0x00000000eab00000)
  object space 42496K, 24% used [0x00000000c0000000,0x00000000c0a31b00,0x00000000c2980000)
 Metaspace       used 20923K, capacity 21220K, committed 21248K, reserved 1067008K
  class space    used 2736K, capacity 2807K, committed 2816K, reserved 1048576K

Deoptimization events (10 events):
Event: 2,234 Thread 0x00007f6e7c00b000 Uncommon trap: reason=unstable_if action=reinterpret pc=0x00007f6eb9289474 method=java.util.LinkedHashMap.afterNodeInsertion(Z)V @ 1
Event: 2,439 Thread 0x00007f6e7c00b000 Uncommon trap: reason=unstable_if action=reinterpret pc=0x00007f6eb925a658 method=java.io.UnixFileSystem.normalize(Ljava/lang/String;)Ljava/lang/String; @ 60
Event: 2,440 Thread 0x00007f6e7c00b000 Uncommon trap: reason=class_check action=maybe_recompile pc=0x00007f6eb9366204 method=sun.misc.URLClassPath.getLoader(I)Lsun/misc/URLClassPath$Loader; @ 94
Event: 2,440 Thread 0x00007f6e7c00b000 Uncommon trap: reason=class_check action=maybe_recompile pc=0x00007f6eb9293e6c method=sun.misc.URLClassPath.getResource(Ljava/lang/String;Z)Lsun/misc/Resource; @ 62
Event: 2,440 Thread 0x00007f6e7c00b000 Uncommon trap: reason=unstable_if action=reinterpret pc=0x00007f6eb9319404 method=sun.net.www.ParseUtil.encodePath(Ljava/lang/String;Z)Ljava/lang/String; @ 109
Event: 2,443 Thread 0x00007f6e7c00b000 Uncommon trap: reason=unstable_if action=reinterpret pc=0x00007f6eb9247e64 method=java.io.UnixFileSystem.normalize(Ljava/lang/String;)Ljava/lang/String; @ 60
Event: 2,463 Thread 0x00007f6e7c00b000 Uncommon trap: reason=class_check action=maybe_recompile pc=0x00007f6eb9366424 method=sun.misc.URLClassPath.getLoader(I)Lsun/misc/URLClassPath$Loader; @ 193
Event: 2,473 Thread 0x00007f6e7c00b000 Uncommon trap: reason=class_check action=maybe_recompile pc=0x00007f6eb9366424 method=sun.misc.URLClassPath.getLoader(I)Lsun/misc/URLClassPath$Loader; @ 193
Event: 2,488 Thread 0x00007f6e7c00b000 Uncommon trap: reason=class_check action=maybe_recompile pc=0x00007f6eb9366424 method=sun.misc.URLClassPath.getLoader(I)Lsun/misc/URLClassPath$Loader; @ 193
Event: 2,642 Thread 0x00007f6e7c00b000 Uncommon trap: reason=class_check action=maybe_recompile pc=0x00007f6eb9379830 method=sun.misc.URLClassPath.getLoader(I)Lsun/misc/URLClassPath$Loader; @ 94

Internal exceptions (10 events):
Event: 2,647 Thread 0x00007f6e7c00b000 Exception <a 'java/lang/ClassNotFoundException': settings_7g0rfagd5upxbxxn4p12tr3gkBeanInfo> (0x00000000ec5de908) thrown at [/HUDSON3/workspace/8-2-build-linux-amd64/jdk8u73/6086/hotspot/src/share/vm/classfile/systemDictionary.cpp, line 210]
Event: 2,647 Thread 0x00007f6e7c00b000 Exception <a 'java/lang/ClassNotFoundException': org/gradle/initialization/SettingsScriptBeanInfo> (0x00000000ec5ec538) thrown at [/HUDSON3/workspace/8-2-build-linux-amd64/jdk8u73/6086/hotspot/src/share/vm/classfile/systemDictionary.cpp, line 210]
Event: 2,648 Thread 0x00007f6e7c00b000 Exception <a 'java/lang/ClassNotFoundException': org/gradle/initialization/SettingsScriptCustomizer> (0x00000000ec5fa220) thrown at [/HUDSON3/workspace/8-2-build-linux-amd64/jdk8u73/6086/hotspot/src/share/vm/classfile/systemDictionary.cpp, line 210]
Event: 2,649 Thread 0x00007f6e7c00b000 Exception <a 'java/lang/ClassNotFoundException': settings_7g0rfagd5upxbxxn4p12tr3gkCustomizer> (0x00000000ec60ae48) thrown at [/HUDSON3/workspace/8-2-build-linux-amd64/jdk8u73/6086/hotspot/src/share/vm/classfile/systemDictionary.cpp, line 210]
Event: 2,655 Thread 0x00007f6e7c00b000 Exception <a 'java/lang/ClassNotFoundException': org/gradle/initialization/DefaultSettings_DecoratedBeanInfo> (0x00000000ec671290) thrown at [/HUDSON3/workspace/8-2-build-linux-amd64/jdk8u73/6086/hotspot/src/share/vm/classfile/systemDictionary.cpp, line 2
Event: 2,656 Thread 0x00007f6e7c00b000 Exception <a 'java/lang/ClassNotFoundException': org/gradle/initialization/DefaultSettingsBeanInfo> (0x00000000ec68ca30) thrown at [/HUDSON3/workspace/8-2-build-linux-amd64/jdk8u73/6086/hotspot/src/share/vm/classfile/systemDictionary.cpp, line 210]
Event: 2,656 Thread 0x00007f6e7c00b000 Exception <a 'java/lang/ClassNotFoundException': org/gradle/initialization/BaseSettingsBeanInfo> (0x00000000ec6a72e8) thrown at [/HUDSON3/workspace/8-2-build-linux-amd64/jdk8u73/6086/hotspot/src/share/vm/classfile/systemDictionary.cpp, line 210]
Event: 2,657 Thread 0x00007f6e7c00b000 Exception <a 'java/lang/ClassNotFoundException': org/gradle/initialization/BaseSettingsCustomizer> (0x00000000ec6c29a0) thrown at [/HUDSON3/workspace/8-2-build-linux-amd64/jdk8u73/6086/hotspot/src/share/vm/classfile/systemDictionary.cpp, line 210]
Event: 2,660 Thread 0x00007f6e7c00b000 Exception <a 'java/lang/ClassNotFoundException': org/gradle/initialization/DefaultSettingsCustomizer> (0x00000000ec7047e0) thrown at [/HUDSON3/workspace/8-2-build-linux-amd64/jdk8u73/6086/hotspot/src/share/vm/classfile/systemDictionary.cpp, line 210]
Event: 2,661 Thread 0x00007f6e7c00b000 Exception <a 'java/lang/ClassNotFoundException': org/gradle/initialization/DefaultSettings_DecoratedCustomizer> (0x00000000ec72a028) thrown at [/HUDSON3/workspace/8-2-build-linux-amd64/jdk8u73/6086/hotspot/src/share/vm/classfile/systemDictionary.cpp, line

Events (10 events):
Event: 2,815 loading class org/gradle/model/internal/core/ModelNode done
Event: 2,816 loading class org/gradle/model/internal/type/ModelType
Event: 2,816 loading class org/gradle/model/internal/type/ModelType done
Event: 2,818 loading class com/google/common/collect/ImmutableMap$Builder
Event: 2,818 loading class com/google/common/collect/ImmutableMap$Builder done
Event: 2,819 loading class com/google/common/collect/ImmutableCollection$Builder
Event: 2,819 loading class com/google/common/collect/ImmutableCollection$Builder done
Event: 2,820 loading class com/google/common/collect/Platform
Event: 2,820 loading class com/google/common/collect/Platform done
Event: 2,822 Executing VM operation: CollectForMetadataAllocation


Dynamic libraries:
00400000-00401000 r-xp 00000000 08:03 393247                             /usr/lib/jvm/jdk-8-oracle-x64/bin/java
00600000-00601000 rw-p 00000000 08:03 393247                             /usr/lib/jvm/jdk-8-oracle-x64/bin/java
0162e000-0164f000 rw-p 00000000 00:00 0                                  [heap]
c0000000-c2980000 rw-p 00000000 00:00 0 
c2980000-eab00000 ---p 00000000 00:00 0 
eab00000-efa00000 rw-p 00000000 00:00 0 
f3600000-100000000 ---p 00000000 00:00 0 
100000000-1002c0000 rw-p 00000000 00:00 0 
1002c0000-140000000 ---p 00000000 00:00 0 
7f6e67e00000-7f6e68000000 rw-p 00000000 00:00 0 
7f6e68000000-7f6e691b3000 rw-p 00000000 00:00 0 
7f6e691b3000-7f6e6c000000 ---p 00000000 00:00 0 
7f6e6c000000-7f6e6c021000 rw-p 00000000 00:00 0 
7f6e6c021000-7f6e70000000 ---p 00000000 00:00 0 
7f6e70000000-7f6e70021000 rw-p 00000000 00:00 0 
7f6e70021000-7f6e74000000 ---p 00000000 00:00 0 
7f6e74000000-7f6e74021000 rw-p 00000000 00:00 0 
7f6e74021000-7f6e78000000 ---p 00000000 00:00 0 
7f6e78000000-7f6e78086000 rw-p 00000000 00:00 0 
7f6e78086000-7f6e7c000000 ---p 00000000 00:00 0 
7f6e7c000000-7f6e7c021000 rw-p 00000000 00:00 0 
7f6e7c021000-7f6e80000000 ---p 00000000 00:00 0 
7f6e80000000-7f6e80021000 rw-p 00000000 00:00 0 
7f6e80021000-7f6e84000000 ---p 00000000 00:00 0 
7f6e84000000-7f6e84021000 rw-p 00000000 00:00 0 
7f6e84021000-7f6e88000000 ---p 00000000 00:00 0 
7f6e88000000-7f6e89fd4000 rw-p 00000000 00:00 0 
7f6e89fd4000-7f6e8c000000 ---p 00000000 00:00 0 
7f6e8c000000-7f6e8c890000 rw-p 00000000 00:00 0 
7f6e8c890000-7f6e90000000 ---p 00000000 00:00 0 
7f6e90000000-7f6e90021000 rw-p 00000000 00:00 0 
7f6e90021000-7f6e94000000 ---p 00000000 00:00 0 
7f6e94000000-7f6e956fa000 rw-p 00000000 00:00 0 
7f6e956fa000-7f6e98000000 ---p 00000000 00:00 0 
7f6e98000000-7f6e98021000 rw-p 00000000 00:00 0 
7f6e98021000-7f6e9c000000 ---p 00000000 00:00 0 
7f6e9c000000-7f6e9c021000 rw-p 00000000 00:00 0 
7f6e9c021000-7f6ea0000000 ---p 00000000 00:00 0 
7f6ea0000000-7f6ea0021000 rw-p 00000000 00:00 0 
7f6ea0021000-7f6ea4000000 ---p 00000000 00:00 0 
7f6ea4000000-7f6ea4021000 rw-p 00000000 00:00 0 
7f6ea4021000-7f6ea8000000 ---p 00000000 00:00 0 
7f6ea8074000-7f6ea8274000 rw-p 00000000 00:00 0 
7f6ea8452000-7f6ea8653000 rw-p 00000000 00:00 0 
7f6ea8653000-7f6ea8853000 rw-p 00000000 00:00 0 
7f6ea8853000-7f6ea88cb000 r--s 010e3000 08:03 407894                     /usr/lib/jvm/jdk-8-oracle-x64/lib/tools.jar
7f6ea88cb000-7f6ea88ce000 ---p 00000000 00:00 0 
7f6ea88ce000-7f6ea89cc000 rw-p 00000000 00:00 0                          [stack:12246]
7f6ea89cc000-7f6ea89d3000 r--s 00000000 08:03 524318                     /usr/lib/x86_64-linux-gnu/gconv/gconv-modules.cache
7f6ea89d3000-7f6ea8bd3000 rw-p 00000000 00:00 0 
7f6ea8bd3000-7f6ea8bd6000 ---p 00000000 00:00 0 
7f6ea8bd6000-7f6ea8cd4000 rw-p 00000000 00:00 0                          [stack:12243]
7f6ea8cd4000-7f6ea8cd7000 ---p 00000000 00:00 0 
7f6ea8cd7000-7f6ea8dd5000 rw-p 00000000 00:00 0                          [stack:12242]
7f6ea8dd5000-7f6ea8dd8000 ---p 00000000 00:00 0 
7f6ea8dd8000-7f6ea8ed6000 rw-p 00000000 00:00 0                          [stack:12241]
7f6ea8ed6000-7f6ea8ed9000 ---p 00000000 00:00 0 
7f6ea8ed9000-7f6ea8fd7000 rw-p 00000000 00:00 0                          [stack:12240]
7f6ea8fd7000-7f6ea8fda000 ---p 00000000 00:00 0 
7f6ea8fda000-7f6ea90d8000 rw-p 00000000 00:00 0                          [stack:12239]
7f6ea90d8000-7f6ea90dc000 r--s 00097000 08:03 396650                     /usr/lib/jvm/jdk-8-oracle-x64/jre/lib/jsse.jar
7f6ea90dc000-7f6ea90de000 r--s 00005000 08:05 1968566                    /home/mkai/program/android-studio/gradle/gradle-2.8/lib/plugins/gradle-tooling-api-builders-2.8.jar
7f6ea90de000-7f6ea90ee000 r--s 00088000 08:05 1968505                    /home/mkai/program/android-studio/gradle/gradle-2.8/lib/plugins/joda-time-2.8.2.jar
7f6ea90ee000-7f6ea90ff000 r--s 000cf000 08:05 1968515                    /home/mkai/program/android-studio/gradle/gradle-2.8/lib/plugins/jackson-databind-2.3.2.jar
7f6ea90ff000-7f6ea9101000 r--s 00007000 08:05 1968532                    /home/mkai/program/android-studio/gradle/gradle-2.8/lib/plugins/jackson-annotations-2.3.2.jar
7f6ea9101000-7f6ea9104000 r--s 0002e000 08:05 1968547                    /home/mkai/program/android-studio/gradle/gradle-2.8/lib/plugins/jackson-core-2.3.2.jar
7f6ea9104000-7f6ea910f000 r--s 0006b000 08:05 1968485                    /home/mkai/program/android-studio/gradle/gradle-2.8/lib/plugins/aws-java-sdk-core-1.9.19.jar
7f6ea910f000-7f6ea9115000 r--s 00036000 08:05 1968567                    /home/mkai/program/android-studio/gradle/gradle-2.8/lib/plugins/aws-java-sdk-kms-1.9.19.jar
7f6ea9115000-7f6ea9120000 r--s 00079000 08:05 1968481                    /home/mkai/program/android-studio/gradle/gradle-2.8/lib/plugins/aws-java-sdk-s3-1.9.19.jar
7f6ea9120000-7f6ea9121000 r--s 00003000 08:05 1968531                    /home/mkai/program/android-studio/gradle/gradle-2.8/lib/plugins/gradle-resources-s3-2.8.jar
7f6ea9121000-7f6ea9122000 r--s 00004000 08:05 1968572                    /home/mkai/program/android-studio/gradle/gradle-2.8/lib/plugins/gradle-resources-sftp-2.8.jar
7f6ea9122000-7f6ea9123000 r--s 00001000 08:05 1968472                    /home/mkai/program/android-studio/gradle/gradle-2.8/lib/plugins/gradle-plugin-development-2.8.jar
7f6ea9123000-7f6ea9125000 r--s 00005000 08:05 1968535                    /home/mkai/program/android-studio/gradle/gradle-2.8/lib/plugins/gradle-testing-native-2.8.jar
7f6ea9125000-7f6ea912a000 r--s 0002b000 08:05 1968498                    /home/mkai/program/android-studio/gradle/gradle-2.8/lib/plugins/gradle-ide-native-2.8.jar
7f6ea912a000-7f6ea9130000 r--s 00019000 08:05 1968546                    /home/mkai/program/android-studio/gradle/gradle-2.8/lib/plugins/gradle-language-native-2.8.jar
7f6ea9130000-7f6ea9135000 r--s 00028000 08:05 1968568                    /home/mkai/program/android-studio/gradle/gradle-2.8/lib/plugins/gradle-platform-play-2.8.jar
7f6ea9135000-7f6ea9142000 r--s 0004f000 08:05 1968488                    /home/mkai/program/android-studio/gradle/gradle-2.8/lib/plugins/gradle-platform-native-2.8.jar
7f6ea9142000-7f6ea9145000 r--s 00008000 08:05 1968507                    /home/mkai/program/android-studio/gradle/gradle-2.8/lib/plugins/gradle-language-scala-2.8.jar
7f6ea9145000-7f6ea9148000 r--s 00009000 08:05 1968540                    /home/mkai/program/android-studio/gradle/gradle-2.8/lib/plugins/gradle-language-groovy-2.8.jar
7f6ea9148000-7f6ea914e000 r--s 00023000 08:05 1968480                    /home/mkai/program/android-studio/gradle/gradle-2.8/lib/plugins/gradle-language-java-2.8.jar
7f6ea914e000-7f6ea9150000 r--s 00008000 08:05 1968470                    /home/mkai/program/android-studio/gradle/gradle-2.8/lib/plugins/gradle-language-jvm-2.8.jar
7f6ea9150000-7f6ea9153000 r--s 0000d000 08:05 1968550                    /home/mkai/program/android-studio/gradle/gradle-2.8/lib/plugins/gradle-platform-jvm-2.8.jar
7f6ea9153000-7f6ea915b000 r--s 0002c000 08:05 1968518                    /home/mkai/program/android-studio/gradle/gradle-2.8/lib/plugins/gradle-platform-base-2.8.jar
7f6ea915b000-7f6ea915f000 r--s 00020000 08:05 1968492                    /home/mkai/program/android-studio/gradle/gradle-2.8/lib/plugins/gradle-build-init-2.8.jar
7f6ea915f000-7f6ea9162000 r--s 00017000 08:05 1968557                    /home/mkai/program/android-studio/gradle/gradle-2.8/lib/plugins/gradle-jacoco-2.8.jar
7f6ea9162000-7f6ea9165000 r--s 0000e000 08:05 1968495                    /home/mkai/program/android-studio/gradle/gradle-2.8/lib/plugins/gradle-ivy-2.8.jar
7f6ea9165000-7f6ea9167000 r--s 00002000 08:05 1968491                    /home/mkai/program/android-studio/gradle/gradle-2.8/lib/plugins/gradle-publish-2.8.jar
7f6ea9167000-7f6ea9169000 r--s 00005000 08:05 1968486                    /home/mkai/program/android-studio/gradle/gradle-2.8/lib/plugins/jatl-0.2.2.jar
7f6ea9169000-7f6ea916b000 r--s 0000f000 08:05 1968543                    /home/mkai/program/android-studio/gradle/gradle-2.8/lib/plugins/gradle-reporting-2.8.jar
7f6ea916b000-7f6ea9170000 r--s 00035000 08:05 1968524                    /home/mkai/program/android-studio/gradle/gradle-2.8/lib/plugins/gradle-diagnostics-2.8.jar
7f6ea9170000-7f6ea9177000 r--s 0008f000 08:05 1968559                    /home/mkai/program/android-studio/gradle/gradle-2.8/lib/plugins/gradle-build-comparison-2.8.jar
7f6ea9177000-7f6ea917e000 r--s 00035000 08:05 1968497                    /home/mkai/program/android-studio/gradle/gradle-2.8/lib/plugins/simple-4.1.21.jar
7f6ea917e000-7f6ea918a000 r--s 00100000 08:05 1968506                    /home/mkai/program/android-studio/gradle/gradle-2.8/lib/plugins/rhino-1.7R3.jar
7f6ea918a000-7f6ea918e000 r--s 0001c000 08:05 1968478                    /home/mkai/program/android-studio/gradle/gradle-2.8/lib/plugins/gradle-javascript-2.8.jar
7f6ea918e000-7f6ea9190000 r--s 0000b000 08:05 1968537                    /home/mkai/program/android-studio/gradle/gradle-2.8/lib/plugins/gradle-ear-2.8.jar
7f6ea9190000-7f6ea9197000 r--s 00038000 08:05 1968536                    /home/mkai/program/android-studio/gradle/gradle-2.8/lib/plugins/bcpg-jdk15on-1.51.jar
7f6ea9197000-7f6ea9199000 r--s 00017000 08:05 1968490                    /home/mkai/program/android-studio/gradle/gradle-2.8/lib/plugins/gradle-signing-2.8.jar
7f6ea9199000-7f6ea919a000 r--s 00002000 08:05 1968499                    /home/mkai/program/android-studio/gradle/gradle-2.8/lib/plugins/sonar-batch-bootstrapper-2.9.jar
7f6ea919a000-7f6ea919d000 r--s 00015000 08:05 1968526                    /home/mkai/program/android-studio/gradle/gradle-2.8/lib/plugins/gradle-sonar-2.8.jar
7f6ea919d000-7f6ea91a0000 r--s 00010000 08:05 1968522                    /home/mkai/program/android-studio/gradle/gradle-2.8/lib/plugins/gradle-scala-2.8.jar
7f6ea91a0000-7f6ea91a2000 r--s 0000a000 08:05 1968521                    /home/mkai/program/android-studio/gradle/gradle-2.8/lib/plugins/gradle-announce-2.8.jar
7f6ea91a2000-7f6ea91b0000 r--s 0009f000 08:05 1968523                    /home/mkai/program/android-studio/gradle/gradle-2.8/lib/plugins/gradle-ide-2.8.jar
7f6ea91b0000-7f6ea91b3000 r--s 0000c000 08:05 1968562                    /home/mkai/program/android-studio/gradle/gradle-2.8/lib/plugins/pmaven-groovy-0.8-20100325.jar
7f6ea91b3000-7f6ea91b4000 r--s 00004000 08:05 1968544                    /home/mkai/program/android-studio/gradle/gradle-2.8/lib/plugins/pmaven-common-0.8-20100325.jar
7f6ea91b4000-7f6ea91ba000 r--s 00022000 08:05 1968542                    /home/mkai/program/android-studio/gradle/gradle-2.8/lib/plugins/gradle-maven-2.8.jar
7f6ea91ba000-7f6ea91db000 r--s 001c3000 08:05 1968541                    /home/mkai/program/android-studio/gradle/gradle-2.8/lib/plugins/bndlib-2.4.0.jar
7f6ea91db000-7f6ea91dd000 r--s 00004000 08:05 1968474                    /home/mkai/program/android-studio/gradle/gradle-2.8/lib/plugins/gradle-osgi-2.8.jar
7f6ea91dd000-7f6ea91df000 r--s 00008000 08:05 1968534                    /home/mkai/program/android-studio/gradle/gradle-2.8/lib/plugins/gradle-antlr-2.8.jar
7f6ea91df000-7f6ea91e2000 r--s 0001e000 08:05 1968565                    /home/mkai/program/android-studio/gradle/gradle-2.8/lib/plugins/jsp-api-2.1-6.1.14.jar
7f6ea91e2000-7f6ea9205000 r--s 00344000 08:05 1968570                    /home/mkai/program/android-studio/gradle/gradle-2.8/lib/plugins/core-3.1.1.jar
7f6ea9205000-7f6ea9206000 r--s 00006000 08:05 1968558                    /home/mkai/program/android-studio/gradle/gradle-2.8/lib/plugins/jetty-naming-6.1.25.jar
7f6ea9206000-7f6ea9207000 r--s 00002000 08:05 1968502                    /home/mkai/program/android-studio/gradle/gradle-2.8/lib/plugins/geronimo-annotation_1.0_spec-1.0.jar
7f6ea9207000-7f6ea9209000 r--s 00002000 08:05 1968483                    /home/mkai/program/android-studio/gradle/gradle-2.8/lib/plugins/jetty-annotations-6.1.25.jar
7f6ea9209000-7f6ea921a000 r--s 000ea000 08:05 1968571                    /home/mkai/program/android-studio/gradle/gradle-2.8/lib/plugins/jsp-2.1-6.1.14.jar
7f6ea921a000-7f6ea921c000 r--s 0000d000 08:05 1968471                    /home/mkai/program/android-studio/gradle/gradle-2.8/lib/plugins/jetty-plus-6.1.25.jar
7f6ea921c000-7f6ea921e000 r--s 0001f000 08:05 1968463                    /home/mkai/program/android-studio/gradle/gradle-2.8/lib/plugins/servlet-api-2.5-20081211.jar
7f6ea921e000-7f6ea9222000 r--s 00028000 08:05 1968551                    /home/mkai/program/android-studio/gradle/gradle-2.8/lib/plugins/jetty-util-6.1.25.jar
7f6ea9222000-7f6ea9229000 r--s 0007d000 08:05 1968465                    /home/mkai/program/android-studio/gradle/gradle-2.8/lib/plugins/jetty-6.1.25.jar
7f6ea9229000-7f6ea922b000 r--s 00009000 08:05 1968503                    /home/mkai/program/android-studio/gradle/gradle-2.8/lib/plugins/gradle-jetty-2.8.jar
7f6ea922b000-7f6ea9231000 r--s 00036000 08:05 1968545                    /home/mkai/program/android-studio/gradle/gradle-2.8/lib/plugins/gradle-code-quality-2.8.jar
7f6ea9231000-7f6ea9233000 r--s 00009000 08:05 1968511                    /home/mkai/program/android-studio/gradle/gradle-2.8/lib/plugins/hamcrest-core-1.3.jar
7f6ea9233000-7f6ea9239000 r--s 00033000 08:05 1968464                    /home/mkai/program/android-studio/gradle/gradle-2.8/lib/plugins/snakeyaml-1.6.jar
7f6ea9239000-7f6ea923b000 r--s 00006000 08:05 1968561                    /home/mkai/program/android-studio/gradle/gradle-2.8/lib/plugins/jcommander-1.12.jar
7f6ea923b000-7f6ea9240000 r--s 00040000 08:05 1968484                    /home/mkai/program/android-studio/gradle/gradle-2.8/lib/plugins/bsh-2.0b4.jar
7f6ea9240000-7f6ea9242000 r--s 00009000 08:05 1968500                    /home/mkai/program/android-studio/gradle/gradle-2.8/lib/plugins/commons-cli-1.2.jar
7f6ea9242000-7f6ea924b000 r--s 00089000 08:05 1968555                    /home/mkai/program/android-studio/gradle/gradle-2.8/lib/plugins/testng-6.3.1.jar
7f6ea924b000-7f6ea9253000 r--s 00045000 08:05 1968528                    /home/mkai/program/android-studio/gradle/gradle-2.8/lib/plugins/junit-4.12.jar
7f6ea9253000-7f6ea925f000 r--s 00073000 08:05 1968482                    /home/mkai/program/android-studio/gradle/gradle-2.8/lib/plugins/gradle-plugins-2.8.jar
7f6ea925f000-7f6ea9277000 r--s 00115000 08:05 1968548                    /home/mkai/program/android-studio/gradle/gradle-2.8/lib/plugins/xercesImpl-2.9.1.jar
7f6ea9277000-7f6ea927a000 r--s 00008000 08:05 1968477                    /home/mkai/program/android-studio/gradle/gradle-2.8/lib/plugins/maven-settings-builder-3.0.4.jar
7f6ea927a000-7f6ea9282000 r--s 00028000 08:05 1968473                    /home/mkai/program/android-studio/gradle/gradle-2.8/lib/plugins/xml-apis-1.3.04.jar
7f6ea9282000-7f6ea9288000 r--s 0005b000 08:05 1968467                    /home/mkai/program/android-studio/gradle/gradle-2.8/lib/plugins/jcifs-1.3.17.jar
7f6ea9288000-7f6ea928e000 r--s 00031000 08:05 1968519                    /home/mkai/program/android-studio/gradle/gradle-2.8/lib/plugins/httpcore-4.2.2.jar
7f6ea928e000-7f6ea9294000 r--s 00033000 08:05 1968538                    /home/mkai/program/android-studio/gradle/gradle-2.8/lib/plugins/commons-codec-1.6.jar
7f6ea9294000-7f6ea9297000 r--s 0001c000 08:05 1968501                    /home/mkai/program/android-studio/gradle/gradle-2.8/lib/plugins/nekohtml-1.9.14.jar
7f6ea9297000-7f6ea92a0000 r--s 00060000 08:05 1968529                    /home/mkai/program/android-studio/gradle/gradle-2.8/lib/plugins/httpclient-4.2.2.jar
7f6ea92a0000-7f6ea92a2000 r--s 00009000 08:05 1968469                    /home/mkai/program/android-studio/gradle/gradle-2.8/lib/plugins/gradle-resources-http-2.8.jar
7f6ea92a2000-7f6ea92a5000 r--s 00011000 08:05 1968509                    /home/mkai/program/android-studio/gradle/gradle-2.8/lib/plugins/gradle-plugin-use-2.8.jar
7f6ea92a5000-7f6ea92a6000 r--s 00007000 08:05 1968520                    /home/mkai/program/android-studio/gradle/gradle-2.8/lib/plugins/wagon-http-shared4-2.4.jar
7f6ea92a6000-7f6ea92aa000 r--s 00033000 08:05 1968493                    /home/mkai/program/android-studio/gradle/gradle-2.8/lib/plugins/plexus-utils-2.0.6.jar
7f6ea92aa000-7f6ea92ae000 r--s 00021000 08:05 1968563                    /home/mkai/program/android-studio/gradle/gradle-2.8/lib/plugins/maven-model-builder-3.0.4.jar
7f6ea92ae000-7f6ea92af000 r--s 00002000 08:05 1968512                    /home/mkai/program/android-studio/gradle/gradle-2.8/lib/plugins/wagon-file-2.4.jar
7f6ea92af000-7f6ea92b1000 r--s 00002000 08:05 1968489                    /home/mkai/program/android-studio/gradle/gradle-2.8/lib/plugins/plexus-cipher-1.7.jar
7f6ea92b1000-7f6ea92b4000 r--s 00013000 08:05 1968530                    /home/mkai/program/android-studio/gradle/gradle-2.8/lib/plugins/aether-api-1.13.1.jar
7f6ea92b4000-7f6ea92b6000 r--s 0000a000 08:05 1968466                    /home/mkai/program/android-studio/gradle/gradle-2.8/lib/plugins/maven-settings-3.0.4.jar
7f6ea92b6000-7f6ea92b8000 r--s 0000d000 08:05 1968527                    /home/mkai/program/android-studio/gradle/gradle-2.8/lib/plugins/plexus-interpolation-1.14.jar
7f6ea92b8000-7f6ea92ba000 r--s 0000b000 08:05 1968468                    /home/mkai/program/android-studio/gradle/gradle-2.8/lib/plugins/maven-artifact-3.0.4.jar
7f6ea92ba000-7f6ea92c1000 r--s 0002e000 08:05 1968573                    /home/mkai/program/android-studio/gradle/gradle-2.8/lib/plugins/plexus-container-default-1.5.5.jar
7f6ea92c1000-7f6ea92c3000 r--s 0000b000 08:05 1968487                    /home/mkai/program/android-studio/gradle/gradle-2.8/lib/plugins/maven-plugin-api-3.0.4.jar
7f6ea92c3000-7f6ea92c5000 r--s 00000000 08:05 1968510                    /home/mkai/program/android-studio/gradle/gradle-2.8/lib/plugins/plexus-component-annotations-1.5.5.jar
7f6ea92c5000-7f6ea92cb000 r--s 0003f000 08:05 1968513                    /home/mkai/program/android-studio/gradle/gradle-2.8/lib/plugins/maven-compat-3.0.4.jar
7f6ea92cb000-7f6ea92cd000 r--s 00026000 08:05 1968556                    /home/mkai/program/android-studio/gradle/gradle-2.8/lib/plugins/maven-model-3.0.4.jar
7f6ea92cd000-7f6ea92cf000 r--s 00006000 08:05 1968475                    /home/mkai/program/android-studio/gradle/gradle-2.8/lib/plugins/aether-connector-wagon-1.13.1.jar
7f6ea92cf000-7f6ea92d1000 r--s 0000a000 08:05 1968516                    /home/mkai/program/android-studio/gradle/gradle-2.8/lib/plugins/plexus-classworlds-2.4.jar
7f6ea92d1000-7f6ea92d3000 r--s 00006000 08:05 1968479                    /home/mkai/program/android-studio/gradle/gradle-2.8/lib/plugins/maven-repository-metadata-3.0.4.jar
7f6ea92d3000-7f6ea92d5000 r--s 0000c000 08:05 1968508                    /home/mkai/program/android-studio/gradle/gradle-2.8/lib/plugins/maven-aether-provider-3.0.4.jar
7f6ea92d5000-7f6ea92d7000 r--s 0000b000 08:05 1968517                    /home/mkai/program/android-studio/gradle/gradle-2.8/lib/plugins/wagon-provider-api-2.4.jar
7f6ea92d7000-7f6ea92db000 r--s 0001c000 08:05 1968533                    /home/mkai/program/android-studio/gradle/gradle-2.8/lib/plugins/aether-util-1.13.1.jar
7f6ea92db000-7f6ea92de000 r--s 0001d000 08:05 1968549                    /home/mkai/program/android-studio/gradle/gradle-2.8/lib/plugins/aether-impl-1.13.1.jar
7f6ea92de000-7f6ea92e2000 r--s 0003d000 08:05 1968496                    /home/mkai/program/android-studio/gradle/gradle-2.8/lib/plugins/jsch-0.1.51.jar
7f6ea92e2000-7f6ea9322000 r--s 00277000 08:05 1968525                    /home/mkai/program/android-studio/gradle/gradle-2.8/lib/plugins/bcprov-jdk15on-1.51.jar
7f6ea9322000-7f6ea9326000 r--s 0001d000 08:05 1968569                    /home/mkai/program/android-studio/gradle/gradle-2.8/lib/plugins/xbean-reflect-3.4.jar
7f6ea9326000-7f6ea9332000 r--s 0007d000 08:05 1968539                    /home/mkai/program/android-studio/gradle/gradle-2.8/lib/plugins/maven-core-3.0.4.jar
7f6ea9332000-7f6ea934e000 r--s 000ca000 08:05 1968476                    /home/mkai/program/android-studio/gradle/gradle-2.8/lib/plugins/gradle-dependency-management-2.8.jar
7f6ea934e000-7f6ea9364000 r-xp 00000000 08:03 2223877                    /lib/x86_64-linux-gnu/libgcc_s.so.1
7f6ea9364000-7f6ea9563000 ---p 00016000 08:03 2223877                    /lib/x86_64-linux-gnu/libgcc_s.so.1
7f6ea9563000-7f6ea9564000 rw-p 00015000 08:03 2223877                    /lib/x86_64-linux-gnu/libgcc_s.so.1
7f6ea9564000-7f6ea96d6000 r-xp 00000000 08:03 263701                     /usr/lib/x86_64-linux-gnu/libstdc++.so.6.0.21
7f6ea96d6000-7f6ea98d6000 ---p 00172000 08:03 263701                     /usr/lib/x86_64-linux-gnu/libstdc++.so.6.0.21
7f6ea98d6000-7f6ea98e0000 r--p 00172000 08:03 263701                     /usr/lib/x86_64-linux-gnu/libstdc++.so.6.0.21
7f6ea98e0000-7f6ea98e2000 rw-p 0017c000 08:03 263701                     /usr/lib/x86_64-linux-gnu/libstdc++.so.6.0.21
7f6ea98e2000-7f6ea98e6000 rw-p 00000000 00:00 0 
7f6ea98e6000-7f6ea98e7000 r--s 00002000 08:05 1968564                    /home/mkai/program/android-studio/gradle/gradle-2.8/lib/plugins/wagon-http-2.4.jar
7f6ea98e7000-7f6ea98e8000 r--s 00003000 08:05 1968560                    /home/mkai/program/android-studio/gradle/gradle-2.8/lib/plugins/aether-spi-1.13.1.jar
7f6ea98e8000-7f6ea98e9000 r--s 00006000 08:05 1968514                    /home/mkai/program/android-studio/gradle/gradle-2.8/lib/plugins/plexus-sec-dispatcher-1.3.jar
7f6ea98e9000-7f6ea98ee000 r--s 0002a000 08:05 1968462                    /home/mkai/program/android-studio/gradle/gradle-2.8/lib/plugins/gson-2.2.4.jar
7f6ea98ee000-7f6ea98fd000 r--s 000d9000 08:05 1968504                    /home/mkai/program/android-studio/gradle/gradle-2.8/lib/plugins/ivy-2.2.0.jar
7f6ea98fd000-7f6ea9901000 r-xp 00000000 08:05 1837180                    /home/mkai/.gradle/native/19/linux-amd64/libnative-platform.so
7f6ea9901000-7f6ea9b00000 ---p 00004000 08:05 1837180                    /home/mkai/.gradle/native/19/linux-amd64/libnative-platform.so
7f6ea9b00000-7f6ea9b01000 rw-p 00003000 08:05 1837180                    /home/mkai/.gradle/native/19/linux-amd64/libnative-platform.so
7f6ea9b01000-7f6ea9b12000 r-xp 00000000 08:03 405195                     /usr/lib/jvm/jdk-8-oracle-x64/jre/lib/amd64/libnio.so
7f6ea9b12000-7f6ea9d11000 ---p 00011000 08:03 405195                     /usr/lib/jvm/jdk-8-oracle-x64/jre/lib/amd64/libnio.so
7f6ea9d11000-7f6ea9d12000 rw-p 00010000 08:03 405195                     /usr/lib/jvm/jdk-8-oracle-x64/jre/lib/amd64/libnio.so
7f6ea9d12000-7f6eaa013000 rw-p 00000000 00:00 0 
7f6eaa013000-7f6eaa029000 r-xp 00000000 08:03 405160                     /usr/lib/jvm/jdk-8-oracle-x64/jre/lib/amd64/libnet.so
7f6eaa029000-7f6eaa229000 ---p 00016000 08:03 405160                     /usr/lib/jvm/jdk-8-oracle-x64/jre/lib/amd64/libnet.so
7f6eaa229000-7f6eaa22a000 rw-p 00016000 08:03 405160                     /usr/lib/jvm/jdk-8-oracle-x64/jre/lib/amd64/libnet.so
7f6eaa22a000-7f6eaa22b000 r--s 00006000 08:05 1968590                    /home/mkai/program/android-studio/gradle/gradle-2.8/lib/gradle-wrapper-2.8.jar
7f6eaa22b000-7f6eaa236000 r--s 0003a000 08:05 1968601                    /home/mkai/program/android-studio/gradle/gradle-2.8/lib/gradle-tooling-api-2.8.jar
7f6eaa236000-7f6eaa238000 r--s 00002000 08:05 1968578                    /home/mkai/program/android-studio/gradle/gradle-2.8/lib/gradle-open-api-2.8.jar
7f6eaa238000-7f6eaa23e000 r--s 00032000 08:05 1968579                    /home/mkai/program/android-studio/gradle/gradle-2.8/lib/jaxen-1.1.jar
7f6eaa23e000-7f6eaa243000 r--s 00048000 08:05 1968610                    /home/mkai/program/android-studio/gradle/gradle-2.8/lib/dom4j-1.6.1.jar
7f6eaa243000-7f6eaa24e000 r--s 00059000 08:05 1968594                    /home/mkai/program/android-studio/gradle/gradle-2.8/lib/gradle-ui-2.8.jar
7f6eaa24e000-7f6eaa251000 r--s 00008000 08:05 1968595                    /home/mkai/program/android-studio/gradle/gradle-2.8/lib/gradle-resources-2.8.jar
7f6eaa251000-7f6eaa253000 r--s 00007000 08:05 1968606                    /home/mkai/program/android-studio/gradle/gradle-2.8/lib/objenesis-1.2.jar
7f6eaa253000-7f6eaa255000 r--s 00000000 08:05 1968607                    /home/mkai/program/android-studio/gradle/gradle-2.8/lib/minlog-1.2.jar
7f6eaa255000-7f6eaa257000 r--s 0000f000 08:05 1968456                    /home/mkai/program/android-studio/gradle/gradle-2.8/lib/reflectasm-1.07-shaded.jar
7f6eaa257000-7f6eaa25b000 r--s 00026000 08:05 1968576                    /home/mkai/program/android-studio/gradle/gradle-2.8/lib/kryo-2.20.jar
7f6eaa25b000-7f6eaa264000 r--s 0003f000 08:05 1968600                    /home/mkai/program/android-studio/gradle/gradle-2.8/lib/gradle-messaging-2.8.jar
7f6eaa264000-7f6eaa265000 r--s 00003000 08:05 1968584                    /home/mkai/program/android-studio/gradle/gradle-2.8/lib/native-platform-freebsd-amd64-0.10.jar
7f6eaa265000-7f6eaa266000 r--s 00003000 08:05 1968575                    /home/mkai/program/android-studio/gradle/gradle-2.8/lib/native-platform-freebsd-i386-0.10.jar
7f6eaa266000-7f6eaa267000 r--s 00005000 08:05 1968604                    /home/mkai/program/android-studio/gradle/gradle-2.8/lib/native-platform-windows-i386-0.10.jar
7f6eaa267000-7f6eaa268000 r--s 00005000 08:05 1968580                    /home/mkai/program/android-studio/gradle/gradle-2.8/lib/native-platform-windows-amd64-0.10.jar
7f6eaa268000-7f6eaa269000 r--s 00003000 08:05 1968585                    /home/mkai/program/android-studio/gradle/gradle-2.8/lib/native-platform-linux-i386-0.10.jar
7f6eaa269000-7f6eaa26a000 r--s 00003000 08:05 1968598                    /home/mkai/program/android-studio/gradle/gradle-2.8/lib/native-platform-linux-amd64-0.10.jar
7f6eaa26a000-7f6eaa26b000 r--s 00002000 08:05 1968460                    /home/mkai/program/android-studio/gradle/gradle-2.8/lib/native-platform-osx-amd64-0.10.jar
7f6eaa26b000-7f6eaa26c000 r--s 00002000 08:05 1968614                    /home/mkai/program/android-studio/gradle/gradle-2.8/lib/native-platform-osx-i386-0.10.jar
7f6eaa26c000-7f6eaa26f000 r--s 0000d000 08:05 1968593                    /home/mkai/program/android-studio/gradle/gradle-2.8/lib/native-platform-0.10.jar
7f6eaa26f000-7f6eaa273000 r--s 000e4000 08:05 1968605                    /home/mkai/program/android-studio/gradle/gradle-2.8/lib/jna-3.2.7.jar
7f6eaa273000-7f6eaa27f000 r--s 00067000 08:05 1968612                    /home/mkai/program/android-studio/gradle/gradle-2.8/lib/gradle-model-core-2.8.jar
7f6eaa27f000-7f6eaa2ee000 r--s 0063e000 08:05 1968597                    /home/mkai/program/android-studio/gradle/gradle-2.8/lib/groovy-all-2.4.4.jar
7f6eaa2ee000-7f6eaa2ef000 ---p 00000000 00:00 0 
7f6eaa2ef000-7f6eaa3ef000 rw-p 00000000 00:00 0                          [stack:12236]
7f6eaa3ef000-7f6eaa3f2000 ---p 00000000 00:00 0 
7f6eaa3f2000-7f6eaa4f0000 rw-p 00000000 00:00 0                          [stack:12235]
7f6eaa4f0000-7f6eaa4f3000 ---p 00000000 00:00 0 
7f6eaa4f3000-7f6eaa5f1000 rw-p 00000000 00:00 0                          [stack:12234]
7f6eaa5f1000-7f6eaa5f4000 ---p 00000000 00:00 0 
7f6eaa5f4000-7f6eaa6f2000 rw-p 00000000 00:00 0                          [stack:12233]
7f6eaa6f2000-7f6eaa6f5000 ---p 00000000 00:00 0 
7f6eaa6f5000-7f6eaa7f3000 rw-p 00000000 00:00 0                          [stack:12232]
7f6eaa7f3000-7f6eaa7f6000 ---p 00000000 00:00 0 
7f6eaa7f6000-7f6eaa8f4000 rw-p 00000000 00:00 0                          [stack:12231]
7f6eaa8f4000-7f6eab3f4000 r--p 00000000 08:03 270414                     /usr/lib/locale/locale-archive
7f6eab3f4000-7f6eab3f7000 ---p 00000000 00:00 0 
7f6eab3f7000-7f6eab4f5000 rw-p 00000000 00:00 0                          [stack:12230]
7f6eab4f5000-7f6eab4f8000 ---p 00000000 00:00 0 
7f6eab4f8000-7f6eab5f6000 rw-p 00000000 00:00 0                          [stack:12229]
7f6eab5f6000-7f6eab5f7000 ---p 00000000 00:00 0 
7f6eab5f7000-7f6eac000000 rw-p 00000000 00:00 0                          [stack:12228]
7f6eac000000-7f6eac026000 rw-p 00000000 00:00 0 
7f6eac026000-7f6eb0000000 ---p 00000000 00:00 0 
7f6eb0000000-7f6eb0022000 rw-p 00000000 00:00 0 
7f6eb0022000-7f6eb4000000 ---p 00000000 00:00 0 
7f6eb4000000-7f6eb4021000 rw-p 00000000 00:00 0 
7f6eb4021000-7f6eb8000000 ---p 00000000 00:00 0 
7f6eb8000000-7f6eb8002000 r--s 00008000 08:05 1968583                    /home/mkai/program/android-studio/gradle/gradle-2.8/lib/jansi-1.2.1.jar
7f6eb8002000-7f6eb8004000 r--s 00008000 08:05 1968459                    /home/mkai/program/android-studio/gradle/gradle-2.8/lib/gradle-native-2.8.jar
7f6eb8004000-7f6eb8006000 r--s 00005000 08:05 1968577                    /home/mkai/program/android-studio/gradle/gradle-2.8/lib/gradle-cli-2.8.jar
7f6eb8006000-7f6eb8007000 r--s 00007000 08:05 1968582                    /home/mkai/program/android-studio/gradle/gradle-2.8/lib/gradle-model-groovy-2.8.jar
7f6eb8007000-7f6eb8008000 r--s 00006000 08:05 1968615                    /home/mkai/program/android-studio/gradle/gradle-2.8/lib/gradle-base-services-groovy-2.8.jar
7f6eb8008000-7f6eb8009000 r--s 00000000 08:05 1968603                    /home/mkai/program/android-studio/gradle/gradle-2.8/lib/gradle-docs-2.8.jar
7f6eb8009000-7f6eb800b000 r--s 00003000 08:05 1968581                    /home/mkai/program/android-studio/gradle/gradle-2.8/lib/jcl-over-slf4j-1.7.10.jar
7f6eb800b000-7f6eb800c000 r--s 00005000 08:05 1968574                    /home/mkai/program/android-studio/gradle/gradle-2.8/lib/log4j-over-slf4j-1.7.10.jar
7f6eb800c000-7f6eb800f000 r--s 0001b000 08:05 1968457                    /home/mkai/program/android-studio/gradle/gradle-2.8/lib/jarjar-1.3.jar
7f6eb800f000-7f6eb8011000 r--s 00000000 08:05 1968587                    /home/mkai/program/android-studio/gradle/gradle-2.8/lib/jul-to-slf4j-1.7.10.jar
7f6eb8011000-7f6eb8014000 r--s 00018000 08:05 1968589                    /home/mkai/program/android-studio/gradle/gradle-2.8/lib/commons-io-1.4.jar
7f6eb8014000-7f6eb8022000 r--s 0007f000 08:05 1968588                    /home/mkai/program/android-studio/gradle/gradle-2.8/lib/commons-collections-3.2.1.jar
7f6eb8022000-7f6eb8628000 rw-p 00000000 00:00 0 
7f6eb8628000-7f6eb8800000 r--s 03d23000 08:03 396626                     /usr/lib/jvm/jdk-8-oracle-x64/jre/lib/rt.jar
7f6eb8800000-7f6eb9000000 rw-p 00000000 00:00 0 
7f6eb9000000-7f6eb95d0000 rwxp 00000000 00:00 0 
7f6eb95d0000-7f6ec8000000 ---p 00000000 00:00 0 
7f6ec8000000-7f6ec8b19000 rw-p 00000000 00:00 0 
7f6ec8b19000-7f6ecc000000 ---p 00000000 00:00 0 
7f6ecc000000-7f6ecc005000 r--s 00036000 08:05 1968599                    /home/mkai/program/android-studio/gradle/gradle-2.8/lib/asm-all-5.0.3.jar
7f6ecc005000-7f6ecc00a000 r--s 00041000 08:05 1968596                    /home/mkai/program/android-studio/gradle/gradle-2.8/lib/commons-lang-2.6.jar
7f6ecc00a000-7f6ecc032000 r--s 001cf000 08:05 1968592                    /home/mkai/program/android-studio/gradle/gradle-2.8/lib/guava-jdk5-17.0.jar
7f6ecc032000-7f6ecc051000 r--s 001cc000 08:05 1968609                    /home/mkai/program/android-studio/gradle/gradle-2.8/lib/ant-1.9.3.jar
7f6ecc051000-7f6ecc087000 r--s 001b5000 08:05 1968458                    /home/mkai/program/android-studio/gradle/gradle-2.8/lib/gradle-core-2.8.jar
7f6ecc087000-7f6ece3af000 rw-p 00000000 00:00 0 
7f6ece3af000-7f6ece3b0000 ---p 00000000 00:00 0 
7f6ece3b0000-7f6ece4b0000 rw-p 00000000 00:00 0                          [stack:12227]
7f6ece4b0000-7f6ece4b1000 ---p 00000000 00:00 0 
7f6ece4b1000-7f6ece5b1000 rw-p 00000000 00:00 0                          [stack:12226]
7f6ece5b1000-7f6ece5b2000 ---p 00000000 00:00 0 
7f6ece5b2000-7f6ece6b2000 rw-p 00000000 00:00 0                          [stack:12225]
7f6ece6b2000-7f6ece6b3000 ---p 00000000 00:00 0 
7f6ece6b3000-7f6ece7c8000 rw-p 00000000 00:00 0                          [stack:12224]
7f6ece7c8000-7f6ece909000 ---p 00000000 00:00 0 
7f6ece909000-7f6ece91e000 rw-p 00000000 00:00 0 
7f6ece91e000-7f6ecea5e000 ---p 00000000 00:00 0 
7f6ecea5e000-7f6ecea86000 rw-p 00000000 00:00 0 
7f6ecea86000-7f6eceb09000 ---p 00000000 00:00 0 
7f6eceb09000-7f6eceb22000 rw-p 00000000 00:00 0 
7f6eceb22000-7f6eceeca000 ---p 00000000 00:00 0 
7f6eceeca000-7f6eceee4000 r-xp 00000000 08:03 405150                     /usr/lib/jvm/jdk-8-oracle-x64/jre/lib/amd64/libzip.so
7f6eceee4000-7f6ecf0e4000 ---p 0001a000 08:03 405150                     /usr/lib/jvm/jdk-8-oracle-x64/jre/lib/amd64/libzip.so
7f6ecf0e4000-7f6ecf0e5000 rw-p 0001a000 08:03 405150                     /usr/lib/jvm/jdk-8-oracle-x64/jre/lib/amd64/libzip.so
7f6ecf0e5000-7f6ecf0f1000 r-xp 00000000 08:03 2228981                    /lib/x86_64-linux-gnu/libnss_files-2.21.so
7f6ecf0f1000-7f6ecf2f0000 ---p 0000c000 08:03 2228981                    /lib/x86_64-linux-gnu/libnss_files-2.21.so
7f6ecf2f0000-7f6ecf2f1000 r--p 0000b000 08:03 2228981                    /lib/x86_64-linux-gnu/libnss_files-2.21.so
7f6ecf2f1000-7f6ecf2f2000 rw-p 0000c000 08:03 2228981                    /lib/x86_64-linux-gnu/libnss_files-2.21.so
7f6ecf2f2000-7f6ecf2fd000 r-xp 00000000 08:03 2228991                    /lib/x86_64-linux-gnu/libnss_nis-2.21.so
7f6ecf2fd000-7f6ecf4fc000 ---p 0000b000 08:03 2228991                    /lib/x86_64-linux-gnu/libnss_nis-2.21.so
7f6ecf4fc000-7f6ecf4fd000 r--p 0000a000 08:03 2228991                    /lib/x86_64-linux-gnu/libnss_nis-2.21.so
7f6ecf4fd000-7f6ecf4fe000 rw-p 0000b000 08:03 2228991                    /lib/x86_64-linux-gnu/libnss_nis-2.21.so
7f6ecf4fe000-7f6ecf515000 r-xp 00000000 08:03 2228975                    /lib/x86_64-linux-gnu/libnsl-2.21.so
7f6ecf515000-7f6ecf714000 ---p 00017000 08:03 2228975                    /lib/x86_64-linux-gnu/libnsl-2.21.so
7f6ecf714000-7f6ecf715000 r--p 00016000 08:03 2228975                    /lib/x86_64-linux-gnu/libnsl-2.21.so
7f6ecf715000-7f6ecf716000 rw-p 00017000 08:03 2228975                    /lib/x86_64-linux-gnu/libnsl-2.21.so
7f6ecf716000-7f6ecf718000 rw-p 00000000 00:00 0 
7f6ecf718000-7f6ecf720000 r-xp 00000000 08:03 2228977                    /lib/x86_64-linux-gnu/libnss_compat-2.21.so
7f6ecf720000-7f6ecf91f000 ---p 00008000 08:03 2228977                    /lib/x86_64-linux-gnu/libnss_compat-2.21.so
7f6ecf91f000-7f6ecf920000 r--p 00007000 08:03 2228977                    /lib/x86_64-linux-gnu/libnss_compat-2.21.so
7f6ecf920000-7f6ecf921000 rw-p 00008000 08:03 2228977                    /lib/x86_64-linux-gnu/libnss_compat-2.21.so
7f6ecf921000-7f6ecf94b000 r-xp 00000000 08:03 405142                     /usr/lib/jvm/jdk-8-oracle-x64/jre/lib/amd64/libjava.so
7f6ecf94b000-7f6ecfb4b000 ---p 0002a000 08:03 405142                     /usr/lib/jvm/jdk-8-oracle-x64/jre/lib/amd64/libjava.so
7f6ecfb4b000-7f6ecfb4d000 rw-p 0002a000 08:03 405142                     /usr/lib/jvm/jdk-8-oracle-x64/jre/lib/amd64/libjava.so
7f6ecfb4d000-7f6ecfb5a000 r-xp 00000000 08:03 405163                     /usr/lib/jvm/jdk-8-oracle-x64/jre/lib/amd64/libverify.so
7f6ecfb5a000-7f6ecfd5a000 ---p 0000d000 08:03 405163                     /usr/lib/jvm/jdk-8-oracle-x64/jre/lib/amd64/libverify.so
7f6ecfd5a000-7f6ecfd5c000 rw-p 0000d000 08:03 405163                     /usr/lib/jvm/jdk-8-oracle-x64/jre/lib/amd64/libverify.so
7f6ecfd5c000-7f6ecfd63000 r-xp 00000000 08:03 2229036                    /lib/x86_64-linux-gnu/librt-2.21.so
7f6ecfd63000-7f6ecff62000 ---p 00007000 08:03 2229036                    /lib/x86_64-linux-gnu/librt-2.21.so
7f6ecff62000-7f6ecff63000 r--p 00006000 08:03 2229036                    /lib/x86_64-linux-gnu/librt-2.21.so
7f6ecff63000-7f6ecff64000 rw-p 00007000 08:03 2229036                    /lib/x86_64-linux-gnu/librt-2.21.so
7f6ecff64000-7f6ed006b000 r-xp 00000000 08:03 2228954                    /lib/x86_64-linux-gnu/libm-2.21.so
7f6ed006b000-7f6ed026a000 ---p 00107000 08:03 2228954                    /lib/x86_64-linux-gnu/libm-2.21.so
7f6ed026a000-7f6ed026b000 r--p 00106000 08:03 2228954                    /lib/x86_64-linux-gnu/libm-2.21.so
7f6ed026b000-7f6ed026c000 rw-p 00107000 08:03 2228954                    /lib/x86_64-linux-gnu/libm-2.21.so
7f6ed026c000-7f6ed0f2b000 r-xp 00000000 08:03 405178                     /usr/lib/jvm/jdk-8-oracle-x64/jre/lib/amd64/server/libjvm.so
7f6ed0f2b000-7f6ed112a000 ---p 00cbf000 08:03 405178                     /usr/lib/jvm/jdk-8-oracle-x64/jre/lib/amd64/server/libjvm.so
7f6ed112a000-7f6ed1203000 rw-p 00cbe000 08:03 405178                     /usr/lib/jvm/jdk-8-oracle-x64/jre/lib/amd64/server/libjvm.so
7f6ed1203000-7f6ed124c000 rw-p 00000000 00:00 0 
7f6ed124c000-7f6ed140c000 r-xp 00000000 08:03 2228894                    /lib/x86_64-linux-gnu/libc-2.21.so
7f6ed140c000-7f6ed160c000 ---p 001c0000 08:03 2228894                    /lib/x86_64-linux-gnu/libc-2.21.so
7f6ed160c000-7f6ed1610000 r--p 001c0000 08:03 2228894                    /lib/x86_64-linux-gnu/libc-2.21.so
7f6ed1610000-7f6ed1612000 rw-p 001c4000 08:03 2228894                    /lib/x86_64-linux-gnu/libc-2.21.so
7f6ed1612000-7f6ed1616000 rw-p 00000000 00:00 0 
7f6ed1616000-7f6ed1619000 r-xp 00000000 08:03 2228913                    /lib/x86_64-linux-gnu/libdl-2.21.so
7f6ed1619000-7f6ed1818000 ---p 00003000 08:03 2228913                    /lib/x86_64-linux-gnu/libdl-2.21.so
7f6ed1818000-7f6ed1819000 r--p 00002000 08:03 2228913                    /lib/x86_64-linux-gnu/libdl-2.21.so
7f6ed1819000-7f6ed181a000 rw-p 00003000 08:03 2228913                    /lib/x86_64-linux-gnu/libdl-2.21.so
7f6ed181a000-7f6ed182f000 r-xp 00000000 08:03 408589                     /usr/lib/jvm/jdk-8-oracle-x64/lib/amd64/jli/libjli.so
7f6ed182f000-7f6ed1a2f000 ---p 00015000 08:03 408589                     /usr/lib/jvm/jdk-8-oracle-x64/lib/amd64/jli/libjli.so
7f6ed1a2f000-7f6ed1a30000 rw-p 00015000 08:03 408589                     /usr/lib/jvm/jdk-8-oracle-x64/lib/amd64/jli/libjli.so
7f6ed1a30000-7f6ed1a48000 r-xp 00000000 08:03 2229028                    /lib/x86_64-linux-gnu/libpthread-2.21.so
7f6ed1a48000-7f6ed1c48000 ---p 00018000 08:03 2229028                    /lib/x86_64-linux-gnu/libpthread-2.21.so
7f6ed1c48000-7f6ed1c49000 r--p 00018000 08:03 2229028                    /lib/x86_64-linux-gnu/libpthread-2.21.so
7f6ed1c49000-7f6ed1c4a000 rw-p 00019000 08:03 2229028                    /lib/x86_64-linux-gnu/libpthread-2.21.so
7f6ed1c4a000-7f6ed1c4e000 rw-p 00000000 00:00 0 
7f6ed1c4e000-7f6ed1c72000 r-xp 00000000 08:03 2228866                    /lib/x86_64-linux-gnu/ld-2.21.so
7f6ed1c72000-7f6ed1c73000 r--s 00000000 08:05 1968591                    /home/mkai/program/android-studio/gradle/gradle-2.8/lib/javax.inject-1.jar
7f6ed1c73000-7f6ed1c7a000 r--s 00032000 08:05 1968613                    /home/mkai/program/android-studio/gradle/gradle-2.8/lib/gradle-base-services-2.8.jar
7f6ed1c7a000-7f6ed1d53000 rw-p 00000000 00:00 0 
7f6ed1d53000-7f6ed1d56000 ---p 00000000 00:00 0 
7f6ed1d56000-7f6ed1e58000 rw-p 00000000 00:00 0                          [stack:12223]
7f6ed1e58000-7f6ed1e59000 r--s 00000000 08:05 1968611                    /home/mkai/program/android-studio/gradle/gradle-2.8/lib/jcip-annotations-1.0.jar
7f6ed1e59000-7f6ed1e5a000 r--s 00007000 08:05 1968608                    /home/mkai/program/android-studio/gradle/gradle-2.8/lib/slf4j-api-1.7.10.jar
7f6ed1e5a000-7f6ed1e5b000 r--s 00004000 08:05 1968586                    /home/mkai/program/android-studio/gradle/gradle-2.8/lib/ant-launcher-1.9.3.jar
7f6ed1e5b000-7f6ed1e65000 r--s 0004a000 08:05 1968602                    /home/mkai/program/android-studio/gradle/gradle-2.8/lib/gradle-launcher-2.8.jar
7f6ed1e65000-7f6ed1e6d000 rw-s 00000000 08:03 408952                     /tmp/hsperfdata_mkai/12219
7f6ed1e6d000-7f6ed1e6e000 rw-p 00000000 00:00 0 
7f6ed1e6e000-7f6ed1e6f000 ---p 00000000 00:00 0 
7f6ed1e6f000-7f6ed1e71000 rw-p 00000000 00:00 0 
7f6ed1e71000-7f6ed1e72000 r--p 00023000 08:03 2228866                    /lib/x86_64-linux-gnu/ld-2.21.so
7f6ed1e72000-7f6ed1e73000 rw-p 00024000 08:03 2228866                    /lib/x86_64-linux-gnu/ld-2.21.so
7f6ed1e73000-7f6ed1e74000 rw-p 00000000 00:00 0 
7ffd4a18d000-7ffd4a1ae000 rw-p 00000000 00:00 0                          [stack]
7ffd4a1e2000-7ffd4a1e4000 r--p 00000000 00:00 0                          [vvar]
7ffd4a1e4000-7ffd4a1e6000 r-xp 00000000 00:00 0                          [vdso]
ffffffffff600000-ffffffffff601000 r-xp 00000000 00:00 0                  [vsyscall]

VM Arguments:
jvm_args: -XX:MaxPermSize=256m -XX:+HeapDumpOnOutOfMemoryError -Xmx1024m -Dfile.encoding=UTF-8 -Duser.country=US -Duser.language=en -Duser.variant 
java_command: org.gradle.launcher.daemon.bootstrap.GradleDaemon 2.8
java_class_path (initial): /home/mkai/program/android-studio/gradle/gradle-2.8/lib/gradle-launcher-2.8.jar
Launcher Type: SUN_STANDARD

Environment Variables:
PATH=/usr/local/sbin:/usr/local/bin:/usr/sbin:/usr/bin:/sbin:/bin:/usr/games:/usr/local/games
LD_LIBRARY_PATH=.:
SHELL=/bin/bash
DISPLAY=:0.0

Signal Handlers:
SIGSEGV: [libjvm.so+0xabafa0], sa_mask[0]=11111111011111111101111111111110, sa_flags=SA_RESTART|SA_SIGINFO
SIGBUS: [libjvm.so+0xabafa0], sa_mask[0]=11111111011111111101111111111110, sa_flags=SA_RESTART|SA_SIGINFO
SIGFPE: [libjvm.so+0x9183c0], sa_mask[0]=11111111011111111101111111111110, sa_flags=SA_RESTART|SA_SIGINFO
SIGPIPE: [libjvm.so+0x9183c0], sa_mask[0]=11111111011111111101111111111110, sa_flags=SA_RESTART|SA_SIGINFO
SIGXFSZ: [libjvm.so+0x9183c0], sa_mask[0]=11111111011111111101111111111110, sa_flags=SA_RESTART|SA_SIGINFO
SIGILL: [libjvm.so+0x9183c0], sa_mask[0]=11111111011111111101111111111110, sa_flags=SA_RESTART|SA_SIGINFO
SIGUSR1: SIG_DFL, sa_mask[0]=00000000000000000000000000000000, sa_flags=none
SIGUSR2: [libjvm.so+0x9199f0], sa_mask[0]=00100000000000000000000000000000, sa_flags=SA_RESTART|SA_SIGINFO
SIGHUP: [libjvm.so+0x91adf0], sa_mask[0]=11111111011111111101111111111110, sa_flags=SA_RESTART|SA_SIGINFO
SIGINT: [libjvm.so+0x91adf0], sa_mask[0]=11111111011111111101111111111110, sa_flags=SA_RESTART|SA_SIGINFO
SIGTERM: [libjvm.so+0x91adf0], sa_mask[0]=11111111011111111101111111111110, sa_flags=SA_RESTART|SA_SIGINFO
SIGQUIT: [libjvm.so+0x91adf0], sa_mask[0]=11111111011111111101111111111110, sa_flags=SA_RESTART|SA_SIGINFO


---------------  S Y S T E M  ---------------

OS:DISTRIB_ID=Ubuntu
DISTRIB_RELEASE=16.04
DISTRIB_CODENAME=xenial
DISTRIB_DESCRIPTION="Ubuntu Xenial Xerus (development branch)"

uname:Linux 4.4.0-7-generic #22-Ubuntu SMP Thu Feb 18 20:50:38 UTC 2016 x86_64
libc:glibc 2.21 NPTL 2.21 
rlimit: STACK 8192k, CORE 0k, NPROC 15323, NOFILE 65536, AS infinity
load average:3,80 8,18 4,61

/proc/meminfo:
MemTotal:        3960828 kB
MemFree:           32956 kB
MemAvailable:      60224 kB
Buffers:             952 kB
Cached:           269112 kB
SwapCached:            0 kB
Active:          3572888 kB
Inactive:         215428 kB
Active(anon):    3564416 kB
Inactive(anon):   206884 kB
Active(file):       8472 kB
Inactive(file):     8544 kB
Unevictable:          32 kB
Mlocked:        34359738400 kB
SwapTotal:             0 kB
SwapFree:              0 kB
Dirty:               356 kB
Writeback:             0 kB
AnonPages:       3519404 kB
Mapped:           104716 kB
Shmem:            251880 kB
Slab:              70268 kB
SReclaimable:      38360 kB
SUnreclaim:        31908 kB
KernelStack:        8192 kB
PageTables:        27264 kB
NFS_Unstable:          0 kB
Bounce:                0 kB
WritebackTmp:          0 kB
CommitLimit:     1980412 kB
Committed_AS:    6036388 kB
VmallocTotal:   34359738367 kB
VmallocUsed:           0 kB
VmallocChunk:          0 kB
HardwareCorrupted:     0 kB
AnonHugePages:   1560576 kB
CmaTotal:              0 kB
CmaFree:               0 kB
HugePages_Total:       0
HugePages_Free:        0
HugePages_Rsvd:        0
HugePages_Surp:        0
Hugepagesize:       2048 kB
DirectMap4k:      117504 kB
DirectMap2M:     3991552 kB
DirectMap1G:     1048576 kB


CPU:total 4 (2 cores per cpu, 2 threads per core) family 6 model 69 stepping 1, cmov, cx8, fxsr, mmx, sse, sse2, sse3, ssse3, sse4.1, sse4.2, popcnt, avx, avx2, aes, clmul, erms, lzcnt, ht, tsc, tscinvbit, bmi1, bmi2

/proc/cpuinfo:
processor	: 0
vendor_id	: GenuineIntel
cpu family	: 6
model		: 69
model name	: Intel(R) Core(TM) i5-4200U CPU @ 1.60GHz
stepping	: 1
microcode	: 0x14
cpu MHz		: 2299.910
cache size	: 3072 KB
physical id	: 0
siblings	: 4
core id		: 0
cpu cores	: 2
apicid		: 0
initial apicid	: 0
fpu		: yes
fpu_exception	: yes
cpuid level	: 13
wp		: yes
flags		: fpu vme de pse tsc msr pae mce cx8 apic sep mtrr pge mca cmov pat pse36 clflush dts acpi mmx fxsr sse sse2 ss ht tm pbe syscall nx pdpe1gb rdtscp lm constant_tsc arch_perfmon pebs bts rep_good nopl xtopology nonstop_tsc aperfmperf eagerfpu pni pclmulqdq dtes64 monitor ds_cpl vmx est tm2 ssse3 sdbg fma cx16 xtpr pdcm pcid sse4_1 sse4_2 movbe popcnt tsc_deadline_timer aes xsave avx f16c rdrand lahf_lm abm ida arat epb pln pts dtherm tpr_shadow vnmi flexpriority ept vpid fsgsbase tsc_adjust bmi1 avx2 smep bmi2 erms invpcid xsaveopt
bugs		:
bogomips	: 4589.21
clflush size	: 64
cache_alignment	: 64
address sizes	: 39 bits physical, 48 bits virtual
power management:

processor	: 1
vendor_id	: GenuineIntel
cpu family	: 6
model		: 69
model name	: Intel(R) Core(TM) i5-4200U CPU @ 1.60GHz
stepping	: 1
microcode	: 0x14
cpu MHz		: 2300.000
cache size	: 3072 KB
physical id	: 0
siblings	: 4
core id		: 0
cpu cores	: 2
apicid		: 1
initial apicid	: 1
fpu		: yes
fpu_exception	: yes
cpuid level	: 13
wp		: yes
flags		: fpu vme de pse tsc msr pae mce cx8 apic sep mtrr pge mca cmov pat pse36 clflush dts acpi mmx fxsr sse sse2 ss ht tm pbe syscall nx pdpe1gb rdtscp lm constant_tsc arch_perfmon pebs bts rep_good nopl xtopology nonstop_tsc aperfmperf eagerfpu pni pclmulqdq dtes64 monitor ds_cpl vmx est tm2 ssse3 sdbg fma cx16 xtpr pdcm pcid sse4_1 sse4_2 movbe popcnt tsc_deadline_timer aes xsave avx f16c rdrand lahf_lm abm ida arat epb pln pts dtherm tpr_shadow vnmi flexpriority ept vpid fsgsbase tsc_adjust bmi1 avx2 smep bmi2 erms invpcid xsaveopt
bugs		:
bogomips	: 4589.21
clflush size	: 64
cache_alignment	: 64
address sizes	: 39 bits physical, 48 bits virtual
power management:

processor	: 2
vendor_id	: GenuineIntel
cpu family	: 6
model		: 69
model name	: Intel(R) Core(TM) i5-4200U CPU @ 1.60GHz
stepping	: 1
microcode	: 0x14
cpu MHz		: 2341.417
cache size	: 3072 KB
physical id	: 0
siblings	: 4
core id		: 1
cpu cores	: 2
apicid		: 2
initial apicid	: 2
fpu		: yes
fpu_exception	: yes
cpuid level	: 13
wp		: yes
flags		: fpu vme de pse tsc msr pae mce cx8 apic sep mtrr pge mca cmov pat pse36 clflush dts acpi mmx fxsr sse sse2 ss ht tm pbe syscall nx pdpe1gb rdtscp lm constant_tsc arch_perfmon pebs bts rep_good nopl xtopology nonstop_tsc aperfmperf eagerfpu pni pclmulqdq dtes64 monitor ds_cpl vmx est tm2 ssse3 sdbg fma cx16 xtpr pdcm pcid sse4_1 sse4_2 movbe popcnt tsc_deadline_timer aes xsave avx f16c rdrand lahf_lm abm ida arat epb pln pts dtherm tpr_shadow vnmi flexpriority ept vpid fsgsbase tsc_adjust bmi1 avx2 smep bmi2 erms invpcid xsaveopt
bugs		:
bogomips	: 4589.21
clflush size	: 64
cache_alignment	: 64
address sizes	: 39 bits physical, 48 bits virtual
power management:

processor	: 3
vendor_id	: GenuineIntel
cpu family	: 6
model		: 69
model name	: Intel(R) Core(TM) i5-4200U CPU @ 1.60GHz
stepping	: 1
microcode	: 0x14
cpu MHz		: 2431.441
cache size	: 3072 KB
physical id	: 0
siblings	: 4
core id		: 1
cpu cores	: 2
apicid		: 3
initial apicid	: 3
fpu		: yes
fpu_exception	: yes
cpuid level	: 13
wp		: yes
flags		: fpu vme de pse tsc msr pae mce cx8 apic sep mtrr pge mca cmov pat pse36 clflush dts acpi mmx fxsr sse sse2 ss ht tm pbe syscall nx pdpe1gb rdtscp lm constant_tsc arch_perfmon pebs bts rep_good nopl xtopology nonstop_tsc aperfmperf eagerfpu pni pclmulqdq dtes64 monitor ds_cpl vmx est tm2 ssse3 sdbg fma cx16 xtpr pdcm pcid sse4_1 sse4_2 movbe popcnt tsc_deadline_timer aes xsave avx f16c rdrand lahf_lm abm ida arat epb pln pts dtherm tpr_shadow vnmi flexpriority ept vpid fsgsbase tsc_adjust bmi1 avx2 smep bmi2 erms invpcid xsaveopt
bugs		:
bogomips	: 4589.21
clflush size	: 64
cache_alignment	: 64
address sizes	: 39 bits physical, 48 bits virtual
power management:



Memory: 4k page, physical 3960828k(33500k free), swap 0k(0k free)

vm_info: Java HotSpot(TM) 64-Bit Server VM (25.73-b02) for linux-amd64 JRE (1.8.0_73-b02), built on Jan 29 2016 17:39:45 by "java_re" with gcc 4.3.0 20080428 (Red Hat 4.3.0-8)

time: Mon Mar 28 20:24:03 2016
elapsed time: 2 seconds (0d 0h 0m 2s)

